This file contains any messages produced by compilers while
running configure, to aid debugging if configure makes a mistake.

It was created by FastBit configure 2.0.3, which was
generated by GNU Autoconf 2.69.  Invocation command line was

  $ /home/justin/warp/storage/warp/src/fastbit-2.0.3/configure --prefix=/home/justin/warp/storage/warp

## --------- ##
## Platform. ##
## --------- ##

hostname = msi.localdomain
uname -m = x86_64
uname -r = 5.4.17-2102.205.7.3.el8uek.x86_64
uname -s = Linux
uname -v = #2 SMP Fri Sep 17 17:54:52 PDT 2021

/usr/bin/uname -p = x86_64
/bin/uname -X     = unknown

/bin/arch              = x86_64
/usr/bin/arch -k       = unknown
/usr/convex/getsysinfo = unknown
/usr/bin/hostinfo      = unknown
/bin/machine           = unknown
/usr/bin/oslevel       = unknown
/bin/universe          = unknown

PATH: /home/justin/.local/bin
PATH: /home/justin/bin
PATH: /usr/share/Modules/bin
PATH: /usr/local/bin
PATH: /usr/bin
PATH: /usr/local/sbin
PATH: /usr/sbin


## ----------- ##
## Core tests. ##
## ----------- ##

configure:2560: checking for a BSD-compatible install
configure:2628: result: /usr/bin/install -c
configure:2639: checking whether build environment is sane
configure:2694: result: yes
configure:2845: checking for a thread-safe mkdir -p
configure:2884: result: /usr/bin/mkdir -p
configure:2891: checking for gawk
configure:2907: found /usr/bin/gawk
configure:2918: result: gawk
configure:2929: checking whether make sets $(MAKE)
configure:2951: result: yes
configure:2980: checking whether make supports nested variables
configure:2997: result: yes
configure:3115: checking whether to enable maintainer-specific portions of Makefiles
configure:3124: result: no
configure:3190: checking for gcc
configure:3206: found /usr/bin/gcc
configure:3217: result: gcc
configure:3446: checking for C compiler version
configure:3455: gcc --version >&5
gcc (GCC) 8.4.1 20200928 (Red Hat 8.4.1-1.0.3)
Copyright (C) 2018 Free Software Foundation, Inc.
This is free software; see the source for copying conditions.  There is NO
warranty; not even for MERCHANTABILITY or FITNESS FOR A PARTICULAR PURPOSE.

configure:3466: $? = 0
configure:3455: gcc -v >&5
Using built-in specs.
COLLECT_GCC=gcc
COLLECT_LTO_WRAPPER=/usr/libexec/gcc/x86_64-redhat-linux/8/lto-wrapper
OFFLOAD_TARGET_NAMES=nvptx-none
OFFLOAD_TARGET_DEFAULT=1
Target: x86_64-redhat-linux
Configured with: ../configure --enable-bootstrap --enable-languages=c,c++,fortran,lto --prefix=/usr --mandir=/usr/share/man --infodir=/usr/share/info --with-bugurl=http://bugzilla.redhat.com/bugzilla --enable-shared --enable-threads=posix --enable-checking=release --enable-multilib --with-system-zlib --enable-__cxa_atexit --disable-libunwind-exceptions --enable-gnu-unique-object --enable-linker-build-id --with-gcc-major-version-only --with-linker-hash-style=gnu --enable-plugin --enable-initfini-array --with-isl --disable-libmpx --enable-offload-targets=nvptx-none --without-cuda-driver --enable-gnu-indirect-function --enable-cet --with-tune=generic --with-arch_32=x86-64 --build=x86_64-redhat-linux
Thread model: posix
gcc version 8.4.1 20200928 (Red Hat 8.4.1-1.0.3) (GCC) 
configure:3466: $? = 0
configure:3455: gcc -V >&5
gcc: error: unrecognized command line option '-V'
gcc: fatal error: no input files
compilation terminated.
configure:3466: $? = 1
configure:3455: gcc -qversion >&5
gcc: error: unrecognized command line option '-qversion'; did you mean '--version'?
gcc: fatal error: no input files
compilation terminated.
configure:3466: $? = 1
configure:3486: checking whether the C compiler works
configure:3508: gcc    conftest.c  >&5
configure:3512: $? = 0
configure:3560: result: yes
configure:3563: checking for C compiler default output file name
configure:3565: result: a.out
configure:3571: checking for suffix of executables
configure:3578: gcc -o conftest    conftest.c  >&5
configure:3582: $? = 0
configure:3604: result: 
configure:3626: checking whether we are cross compiling
configure:3634: gcc -o conftest    conftest.c  >&5
configure:3638: $? = 0
configure:3645: ./conftest
configure:3649: $? = 0
configure:3664: result: no
configure:3669: checking for suffix of object files
configure:3691: gcc -c   conftest.c >&5
configure:3695: $? = 0
configure:3716: result: o
configure:3720: checking whether we are using the GNU C compiler
configure:3739: gcc -c   conftest.c >&5
configure:3739: $? = 0
configure:3748: result: yes
configure:3757: checking whether gcc accepts -g
configure:3777: gcc -c -g  conftest.c >&5
configure:3777: $? = 0
configure:3818: result: yes
configure:3835: checking for gcc option to accept ISO C89
configure:3898: gcc  -c -g -O2  conftest.c >&5
configure:3898: $? = 0
configure:3911: result: none needed
configure:3936: checking whether gcc understands -c and -o together
configure:3958: gcc -c conftest.c -o conftest2.o
configure:3961: $? = 0
configure:3958: gcc -c conftest.c -o conftest2.o
configure:3961: $? = 0
configure:3973: result: yes
configure:4001: checking for style of include used by make
configure:4029: result: GNU
configure:4055: checking dependency style of gcc
configure:4166: result: gcc3
configure:4239: checking for g++
configure:4255: found /usr/bin/g++
configure:4266: result: g++
configure:4293: checking for C++ compiler version
configure:4302: g++ --version >&5
g++ (GCC) 8.4.1 20200928 (Red Hat 8.4.1-1.0.3)
Copyright (C) 2018 Free Software Foundation, Inc.
This is free software; see the source for copying conditions.  There is NO
warranty; not even for MERCHANTABILITY or FITNESS FOR A PARTICULAR PURPOSE.

configure:4313: $? = 0
configure:4302: g++ -v >&5
Using built-in specs.
COLLECT_GCC=g++
COLLECT_LTO_WRAPPER=/usr/libexec/gcc/x86_64-redhat-linux/8/lto-wrapper
OFFLOAD_TARGET_NAMES=nvptx-none
OFFLOAD_TARGET_DEFAULT=1
Target: x86_64-redhat-linux
Configured with: ../configure --enable-bootstrap --enable-languages=c,c++,fortran,lto --prefix=/usr --mandir=/usr/share/man --infodir=/usr/share/info --with-bugurl=http://bugzilla.redhat.com/bugzilla --enable-shared --enable-threads=posix --enable-checking=release --enable-multilib --with-system-zlib --enable-__cxa_atexit --disable-libunwind-exceptions --enable-gnu-unique-object --enable-linker-build-id --with-gcc-major-version-only --with-linker-hash-style=gnu --enable-plugin --enable-initfini-array --with-isl --disable-libmpx --enable-offload-targets=nvptx-none --without-cuda-driver --enable-gnu-indirect-function --enable-cet --with-tune=generic --with-arch_32=x86-64 --build=x86_64-redhat-linux
Thread model: posix
gcc version 8.4.1 20200928 (Red Hat 8.4.1-1.0.3) (GCC) 
configure:4313: $? = 0
configure:4302: g++ -V >&5
g++: error: unrecognized command line option '-V'
g++: fatal error: no input files
compilation terminated.
configure:4313: $? = 1
configure:4302: g++ -qversion >&5
g++: error: unrecognized command line option '-qversion'; did you mean '--version'?
g++: fatal error: no input files
compilation terminated.
configure:4313: $? = 1
configure:4317: checking whether we are using the GNU C++ compiler
configure:4336: g++ -c   conftest.cpp >&5
configure:4336: $? = 0
configure:4345: result: yes
configure:4354: checking whether g++ accepts -g
configure:4374: g++ -c -g  conftest.cpp >&5
configure:4374: $? = 0
configure:4415: result: yes
configure:4440: checking dependency style of g++
configure:4551: result: gcc3
configure:4567: checking whether make sets $(MAKE)
configure:4589: result: yes
configure:4627: checking build system type
configure:4641: result: x86_64-unknown-linux-gnu
configure:4661: checking host system type
configure:4674: result: x86_64-unknown-linux-gnu
configure:4715: checking how to print strings
configure:4742: result: printf
configure:4763: checking for a sed that does not truncate output
configure:4827: result: /usr/bin/sed
configure:4845: checking for grep that handles long lines and -e
configure:4903: result: /usr/bin/grep
configure:4908: checking for egrep
configure:4970: result: /usr/bin/grep -E
configure:4975: checking for fgrep
configure:5037: result: /usr/bin/grep -F
configure:5072: checking for ld used by gcc
configure:5139: result: /usr/bin/ld
configure:5146: checking if the linker (/usr/bin/ld) is GNU ld
configure:5161: result: yes
configure:5173: checking for BSD- or MS-compatible name lister (nm)
configure:5222: result: /usr/bin/nm -B
configure:5352: checking the name lister (/usr/bin/nm -B) interface
configure:5359: gcc -c -g -O2  conftest.c >&5
configure:5362: /usr/bin/nm -B "conftest.o"
configure:5365: output
0000000000000000 B some_variable
configure:5372: result: BSD nm
configure:5375: checking whether ln -s works
configure:5379: result: yes
configure:5387: checking the maximum length of command line arguments
configure:5517: result: 1572864
configure:5534: checking whether the shell understands some XSI constructs
configure:5544: result: yes
configure:5548: checking whether the shell understands "+="
configure:5554: result: yes
configure:5589: checking how to convert x86_64-unknown-linux-gnu file names to x86_64-unknown-linux-gnu format
configure:5629: result: func_convert_file_noop
configure:5636: checking how to convert x86_64-unknown-linux-gnu file names to toolchain format
configure:5656: result: func_convert_file_noop
configure:5663: checking for /usr/bin/ld option to reload object files
configure:5670: result: -r
configure:5744: checking for objdump
configure:5760: found /usr/bin/objdump
configure:5771: result: objdump
configure:5803: checking how to recognize dependent libraries
configure:6005: result: pass_all
configure:6090: checking for dlltool
configure:6120: result: no
configure:6150: checking how to associate runtime and link libraries
configure:6177: result: printf %s\n
configure:6238: checking for ar
configure:6254: found /usr/bin/ar
configure:6265: result: ar
configure:6302: checking for archiver @FILE support
configure:6319: gcc -c -g -O2  conftest.c >&5
configure:6319: $? = 0
configure:6322: ar cru libconftest.a @conftest.lst >&5
configure:6325: $? = 0
configure:6330: ar cru libconftest.a @conftest.lst >&5
ar: conftest.o: No such file or directory
configure:6333: $? = 1
configure:6345: result: @
configure:6403: checking for strip
configure:6419: found /usr/bin/strip
configure:6430: result: strip
configure:6502: checking for ranlib
configure:6518: found /usr/bin/ranlib
configure:6529: result: ranlib
configure:6631: checking command to parse /usr/bin/nm -B output from gcc object
configure:6751: gcc -c -g -O2  conftest.c >&5
configure:6754: $? = 0
configure:6758: /usr/bin/nm -B conftest.o \| sed -n -e 's/^.*[ ]\([ABCDGIRSTW][ABCDGIRSTW]*\)[ ][ ]*\([_A-Za-z][_A-Za-z0-9]*\)$/\1 \2 \2/p' | sed '/ __gnu_lto/d' \> conftest.nm
configure:6761: $? = 0
configure:6827: gcc -o conftest -g -O2   conftest.c conftstm.o >&5
configure:6830: $? = 0
configure:6868: result: ok
configure:6905: checking for sysroot
configure:6935: result: no
configure:7012: gcc -c -g -O2  conftest.c >&5
configure:7015: $? = 0
configure:7191: checking for mt
configure:7221: result: no
configure:7241: checking if : is a manifest tool
configure:7247: : '-?'
configure:7255: result: no
configure:7897: checking how to run the C preprocessor
configure:7928: gcc -E  conftest.c
configure:7928: $? = 0
configure:7942: gcc -E  conftest.c
conftest.c:9:10: fatal error: ac_nonexistent.h: No such file or directory
 #include <ac_nonexistent.h>
          ^~~~~~~~~~~~~~~~~~
compilation terminated.
configure:7942: $? = 1
configure: failed program was:
| /* confdefs.h */
| #define PACKAGE_NAME "FastBit"
| #define PACKAGE_TARNAME "fastbit"
| #define PACKAGE_VERSION "2.0.3"
| #define PACKAGE_STRING "FastBit 2.0.3"
| #define PACKAGE_BUGREPORT "fastbit-users@hpcrdm.lbl.gov"
| #define PACKAGE_URL ""
| /* end confdefs.h.  */
| #include <ac_nonexistent.h>
configure:7967: result: gcc -E
configure:7987: gcc -E  conftest.c
configure:7987: $? = 0
configure:8001: gcc -E  conftest.c
conftest.c:9:10: fatal error: ac_nonexistent.h: No such file or directory
 #include <ac_nonexistent.h>
          ^~~~~~~~~~~~~~~~~~
compilation terminated.
configure:8001: $? = 1
configure: failed program was:
| /* confdefs.h */
| #define PACKAGE_NAME "FastBit"
| #define PACKAGE_TARNAME "fastbit"
| #define PACKAGE_VERSION "2.0.3"
| #define PACKAGE_STRING "FastBit 2.0.3"
| #define PACKAGE_BUGREPORT "fastbit-users@hpcrdm.lbl.gov"
| #define PACKAGE_URL ""
| /* end confdefs.h.  */
| #include <ac_nonexistent.h>
configure:8030: checking for ANSI C header files
configure:8050: gcc -c -g -O2  conftest.c >&5
configure:8050: $? = 0
configure:8123: gcc -o conftest -g -O2   conftest.c  >&5
configure:8123: $? = 0
configure:8123: ./conftest
configure:8123: $? = 0
configure:8134: result: yes
configure:8147: checking for sys/types.h
configure:8147: gcc -c -g -O2  conftest.c >&5
configure:8147: $? = 0
configure:8147: result: yes
configure:8147: checking for sys/stat.h
configure:8147: gcc -c -g -O2  conftest.c >&5
configure:8147: $? = 0
configure:8147: result: yes
configure:8147: checking for stdlib.h
configure:8147: gcc -c -g -O2  conftest.c >&5
configure:8147: $? = 0
configure:8147: result: yes
configure:8147: checking for string.h
configure:8147: gcc -c -g -O2  conftest.c >&5
configure:8147: $? = 0
configure:8147: result: yes
configure:8147: checking for memory.h
configure:8147: gcc -c -g -O2  conftest.c >&5
configure:8147: $? = 0
configure:8147: result: yes
configure:8147: checking for strings.h
configure:8147: gcc -c -g -O2  conftest.c >&5
configure:8147: $? = 0
configure:8147: result: yes
configure:8147: checking for inttypes.h
configure:8147: gcc -c -g -O2  conftest.c >&5
configure:8147: $? = 0
configure:8147: result: yes
configure:8147: checking for stdint.h
configure:8147: gcc -c -g -O2  conftest.c >&5
configure:8147: $? = 0
configure:8147: result: yes
configure:8147: checking for unistd.h
configure:8147: gcc -c -g -O2  conftest.c >&5
configure:8147: $? = 0
configure:8147: result: yes
configure:8161: checking for dlfcn.h
configure:8161: gcc -c -g -O2  conftest.c >&5
configure:8161: $? = 0
configure:8161: result: yes
configure:8378: checking for objdir
configure:8393: result: .libs
configure:8664: checking if gcc supports -fno-rtti -fno-exceptions
configure:8682: gcc -c -g -O2  -fno-rtti -fno-exceptions conftest.c >&5
cc1: warning: command line option '-fno-rtti' is valid for C++/ObjC++ but not for C
configure:8686: $? = 0
configure:8699: result: no
configure:9026: checking for gcc option to produce PIC
configure:9033: result: -fPIC -DPIC
configure:9041: checking if gcc PIC flag -fPIC -DPIC works
configure:9059: gcc -c -g -O2  -fPIC -DPIC -DPIC conftest.c >&5
configure:9063: $? = 0
configure:9076: result: yes
configure:9105: checking if gcc static flag -static works
configure:9133: result: no
configure:9148: checking if gcc supports -c -o file.o
configure:9169: gcc -c -g -O2  -o out/conftest2.o conftest.c >&5
configure:9173: $? = 0
configure:9195: result: yes
configure:9203: checking if gcc supports -c -o file.o
configure:9250: result: yes
configure:9283: checking whether the gcc linker (/usr/bin/ld -m elf_x86_64) supports shared libraries
configure:10436: result: yes
configure:10473: checking whether -lc should be explicitly linked in
configure:10481: gcc -c -g -O2  conftest.c >&5
configure:10484: $? = 0
configure:10499: gcc -shared  -fPIC -DPIC conftest.o  -v -Wl,-soname -Wl,conftest -o conftest 2\>\&1 \| /usr/bin/grep  -lc  \>/dev/null 2\>\&1
configure:10502: $? = 0
configure:10516: result: no
configure:10676: checking dynamic linker characteristics
configure:11187: gcc -o conftest -g -O2   -Wl,-rpath -Wl,/foo conftest.c  >&5
configure:11187: $? = 0
configure:11409: result: GNU/Linux ld.so
configure:11516: checking how to hardcode library paths into programs
configure:11541: result: immediate
configure:12081: checking whether stripping libraries is possible
configure:12086: result: yes
configure:12121: checking if libtool supports shared libraries
configure:12123: result: yes
configure:12126: checking whether to build shared libraries
configure:12147: result: yes
configure:12150: checking whether to build static libraries
configure:12154: result: yes
configure:12177: checking how to run the C++ preprocessor
configure:12204: g++ -E  conftest.cpp
configure:12204: $? = 0
configure:12218: g++ -E  conftest.cpp
conftest.cpp:21:10: fatal error: ac_nonexistent.h: No such file or directory
 #include <ac_nonexistent.h>
          ^~~~~~~~~~~~~~~~~~
compilation terminated.
configure:12218: $? = 1
configure: failed program was:
| /* confdefs.h */
| #define PACKAGE_NAME "FastBit"
| #define PACKAGE_TARNAME "fastbit"
| #define PACKAGE_VERSION "2.0.3"
| #define PACKAGE_STRING "FastBit 2.0.3"
| #define PACKAGE_BUGREPORT "fastbit-users@hpcrdm.lbl.gov"
| #define PACKAGE_URL ""
| #define STDC_HEADERS 1
| #define HAVE_SYS_TYPES_H 1
| #define HAVE_SYS_STAT_H 1
| #define HAVE_STDLIB_H 1
| #define HAVE_STRING_H 1
| #define HAVE_MEMORY_H 1
| #define HAVE_STRINGS_H 1
| #define HAVE_INTTYPES_H 1
| #define HAVE_STDINT_H 1
| #define HAVE_UNISTD_H 1
| #define HAVE_DLFCN_H 1
| #define LT_OBJDIR ".libs/"
| /* end confdefs.h.  */
| #include <ac_nonexistent.h>
configure:12243: result: g++ -E
configure:12263: g++ -E  conftest.cpp
configure:12263: $? = 0
configure:12277: g++ -E  conftest.cpp
conftest.cpp:21:10: fatal error: ac_nonexistent.h: No such file or directory
 #include <ac_nonexistent.h>
          ^~~~~~~~~~~~~~~~~~
compilation terminated.
configure:12277: $? = 1
configure: failed program was:
| /* confdefs.h */
| #define PACKAGE_NAME "FastBit"
| #define PACKAGE_TARNAME "fastbit"
| #define PACKAGE_VERSION "2.0.3"
| #define PACKAGE_STRING "FastBit 2.0.3"
| #define PACKAGE_BUGREPORT "fastbit-users@hpcrdm.lbl.gov"
| #define PACKAGE_URL ""
| #define STDC_HEADERS 1
| #define HAVE_SYS_TYPES_H 1
| #define HAVE_SYS_STAT_H 1
| #define HAVE_STDLIB_H 1
| #define HAVE_STRING_H 1
| #define HAVE_MEMORY_H 1
| #define HAVE_STRINGS_H 1
| #define HAVE_INTTYPES_H 1
| #define HAVE_STDINT_H 1
| #define HAVE_UNISTD_H 1
| #define HAVE_DLFCN_H 1
| #define LT_OBJDIR ".libs/"
| /* end confdefs.h.  */
| #include <ac_nonexistent.h>
configure:12446: checking for ld used by g++
configure:12513: result: /usr/bin/ld -m elf_x86_64
configure:12520: checking if the linker (/usr/bin/ld -m elf_x86_64) is GNU ld
configure:12535: result: yes
configure:12590: checking whether the g++ linker (/usr/bin/ld -m elf_x86_64) supports shared libraries
configure:13595: result: yes
configure:13631: g++ -c -g -O2  conftest.cpp >&5
configure:13634: $? = 0
configure:14154: checking for g++ option to produce PIC
configure:14161: result: -fPIC -DPIC
configure:14169: checking if g++ PIC flag -fPIC -DPIC works
configure:14187: g++ -c -g -O2  -fPIC -DPIC -DPIC conftest.cpp >&5
configure:14191: $? = 0
configure:14204: result: yes
configure:14227: checking if g++ static flag -static works
configure:14255: result: no
configure:14267: checking if g++ supports -c -o file.o
configure:14288: g++ -c -g -O2  -o out/conftest2.o conftest.cpp >&5
configure:14292: $? = 0
configure:14314: result: yes
configure:14319: checking if g++ supports -c -o file.o
configure:14366: result: yes
configure:14396: checking whether the g++ linker (/usr/bin/ld -m elf_x86_64) supports shared libraries
configure:14432: result: yes
configure:14573: checking dynamic linker characteristics
configure:15240: result: GNU/Linux ld.so
configure:15293: checking how to hardcode library paths into programs
configure:15318: result: immediate
configure:15388: checking for log10 in -lm
configure:15413: g++ -o conftest -g -O2   conftest.cpp -lm   >&5
conftest.cpp:28:6: warning: declaration of 'char log10()' conflicts with built-in declaration 'double log10(double)' [-Wbuiltin-declaration-mismatch]
 char log10 ();
      ^~~~~
configure:15413: $? = 0
configure:15422: result: yes
configure:15433: checking for clock_gettime in -lrt
configure:15458: g++ -o conftest -g -O2   conftest.cpp -lrt  -lm  >&5
configure:15458: $? = 0
configure:15467: result: yes
configure:15485: checking for dirent.h that defines DIR
configure:15504: g++ -c -g -O2  conftest.cpp >&5
configure:15504: $? = 0
configure:15512: result: yes
configure:15525: checking for library containing opendir
configure:15556: g++ -o conftest -g -O2   conftest.cpp -lrt -lm  >&5
configure:15556: $? = 0
configure:15573: result: none required
configure:15644: checking for inttypes.h
configure:15644: result: yes
configure:15644: checking for stdint.h
configure:15644: result: yes
configure:15644: checking for sys/types.h
configure:15644: result: yes
configure:15681: checking for vprintf
configure:15681: g++ -o conftest -g -O2   conftest.cpp -lrt -lm  >&5
conftest.cpp:50:6: warning: declaration of 'char vprintf()' conflicts with built-in declaration 'int vprintf(const char*, __va_list_tag*)' [-Wbuiltin-declaration-mismatch]
 char vprintf ();
      ^~~~~~~
configure:15681: $? = 0
configure:15681: result: yes
configure:15687: checking for _doprnt
configure:15687: g++ -o conftest -g -O2   conftest.cpp -lrt -lm  >&5
/tmp/ccoDAoZD.o: In function `main':
/home/justin/warp/storage/warp/src/fastbit-2.0.3/conftest.cpp:62: undefined reference to `_doprnt'
collect2: error: ld returned 1 exit status
configure:15687: $? = 1
configure: failed program was:
| /* confdefs.h */
| #define PACKAGE_NAME "FastBit"
| #define PACKAGE_TARNAME "fastbit"
| #define PACKAGE_VERSION "2.0.3"
| #define PACKAGE_STRING "FastBit 2.0.3"
| #define PACKAGE_BUGREPORT "fastbit-users@hpcrdm.lbl.gov"
| #define PACKAGE_URL ""
| #define STDC_HEADERS 1
| #define HAVE_SYS_TYPES_H 1
| #define HAVE_SYS_STAT_H 1
| #define HAVE_STDLIB_H 1
| #define HAVE_STRING_H 1
| #define HAVE_MEMORY_H 1
| #define HAVE_STRINGS_H 1
| #define HAVE_INTTYPES_H 1
| #define HAVE_STDINT_H 1
| #define HAVE_UNISTD_H 1
| #define HAVE_DLFCN_H 1
| #define LT_OBJDIR ".libs/"
| #define HAVE_LIBM 1
| #define HAVE_LIBRT 1
| #define HAVE_DIRENT_H 1
| #define HAVE_INTTYPES_H 1
| #define HAVE_STDINT_H 1
| #define HAVE_SYS_TYPES_H 1
| #define HAVE_VPRINTF 1
| /* end confdefs.h.  */
| /* Define _doprnt to an innocuous variant, in case <limits.h> declares _doprnt.
|    For example, HP-UX 11i <limits.h> declares gettimeofday.  */
| #define _doprnt innocuous__doprnt
| 
| /* System header to define __stub macros and hopefully few prototypes,
|     which can conflict with char _doprnt (); below.
|     Prefer <limits.h> to <assert.h> if __STDC__ is defined, since
|     <limits.h> exists even on freestanding compilers.  */
| 
| #ifdef __STDC__
| # include <limits.h>
| #else
| # include <assert.h>
| #endif
| 
| #undef _doprnt
| 
| /* Override any GCC internal prototype to avoid an error.
|    Use char because int might match the return type of a GCC
|    builtin and then its argument prototype would still apply.  */
| #ifdef __cplusplus
| extern "C"
| #endif
| char _doprnt ();
| /* The GNU C library defines this for functions which it implements
|     to always fail with ENOSYS.  Some functions are actually named
|     something starting with __ and the normal name is an alias.  */
| #if defined __stub__doprnt || defined __stub____doprnt
| choke me
| #endif
| 
| int
| main ()
| {
| return _doprnt ();
|   ;
|   return 0;
| }
configure:15687: result: no
configure:15703: checking for gettimeofday
configure:15703: g++ -o conftest -g -O2   conftest.cpp -lrt -lm  >&5
configure:15703: $? = 0
configure:15703: result: yes
configure:15703: checking for mkdir
configure:15703: g++ -o conftest -g -O2   conftest.cpp -lrt -lm  >&5
configure:15703: $? = 0
configure:15703: result: yes
configure:15703: checking for flock
configure:15703: g++ -o conftest -g -O2   conftest.cpp -lrt -lm  >&5
configure:15703: $? = 0
configure:15703: result: yes
configure:15703: checking for strptime
configure:15703: g++ -o conftest -g -O2   conftest.cpp -lrt -lm  >&5
configure:15703: $? = 0
configure:15703: result: yes
configure:15743: checking whether to enable debugging (-g)
configure:15752: result: 
configure:15754: checking whether to enable extra optimization
configure:15763: result: no
configure:15856: checking for unordered_map
configure:15876: g++ -c -g -O2  conftest.cpp >&5
configure:15876: $? = 0
configure:16027: checking for the presence of getpwuid
configure:16052: g++ -o conftest -g -O2   conftest.cpp -lrt -lm  >&5
configure:16052: $? = 0
configure:16052: ./conftest
configure:16052: $? = 0
configure:16056: result: yes
configure:16066: checking for the presence of getpwuid_r
configure:16095: g++ -o conftest -g -O2   conftest.cpp -lrt -lm  >&5
configure:16095: $? = 0
configure:16095: ./conftest
configure:16095: $? = 0
configure:16099: result: yes
configure:16121: checking for quiet_NaN
configure:16149: g++ -o conftest -g -O2   conftest.cpp -lrt -lm  >&5
configure:16149: $? = 0
configure:16149: ./conftest
configure:16149: $? = 0
configure:16150: result: yes, use quiet_NaN() as null values
configure:16371: checking for the pthreads library -lpthreads
configure:16400: gcc -o conftest -g -O2    conftest.c -lpthreads -lrt -lm  >&5
/usr/bin/ld: cannot find -lpthreads
collect2: error: ld returned 1 exit status
configure:16400: $? = 1
configure: failed program was:
| /* confdefs.h */
| #define PACKAGE_NAME "FastBit"
| #define PACKAGE_TARNAME "fastbit"
| #define PACKAGE_VERSION "2.0.3"
| #define PACKAGE_STRING "FastBit 2.0.3"
| #define PACKAGE_BUGREPORT "fastbit-users@hpcrdm.lbl.gov"
| #define PACKAGE_URL ""
| #define STDC_HEADERS 1
| #define HAVE_SYS_TYPES_H 1
| #define HAVE_SYS_STAT_H 1
| #define HAVE_STDLIB_H 1
| #define HAVE_STRING_H 1
| #define HAVE_MEMORY_H 1
| #define HAVE_STRINGS_H 1
| #define HAVE_INTTYPES_H 1
| #define HAVE_STDINT_H 1
| #define HAVE_UNISTD_H 1
| #define HAVE_DLFCN_H 1
| #define LT_OBJDIR ".libs/"
| #define HAVE_LIBM 1
| #define HAVE_LIBRT 1
| #define HAVE_DIRENT_H 1
| #define HAVE_INTTYPES_H 1
| #define HAVE_STDINT_H 1
| #define HAVE_SYS_TYPES_H 1
| #define HAVE_VPRINTF 1
| #define HAVE_GETTIMEOFDAY 1
| #define HAVE_MKDIR 1
| #define HAVE_FLOCK 1
| #define HAVE_STRPTIME 1
| #define HAVE_UNORDERED_MAP 1
| #define HAVE_GETPWUID 1
| #define HAVE_GETPWUID_R 1
| #define FASTBIT_FLOAT_NULL std::numeric_limits<float>::quiet_NaN()
| #define FASTBIT_DOUBLE_NULL std::numeric_limits<double>::quiet_NaN()
| /* end confdefs.h.  */
| #include <pthread.h>
| int
| main ()
| {
| pthread_t th; pthread_join(th, 0);
|                  pthread_attr_init(0); pthread_cleanup_push(0, 0);
|                  pthread_create(0,0,0,0); pthread_cleanup_pop(0);
|   ;
|   return 0;
| }
configure:16409: result: no
configure:16316: checking whether pthreads work without any flags
configure:16400: gcc -o conftest -g -O2    conftest.c  -lrt -lm  >&5
/usr/bin/ld: /tmp/cciNJPuw.o: undefined reference to symbol 'pthread_join@@GLIBC_2.2.5'
//usr/lib64/libpthread.so.0: error adding symbols: DSO missing from command line
collect2: error: ld returned 1 exit status
configure:16400: $? = 1
configure: failed program was:
| /* confdefs.h */
| #define PACKAGE_NAME "FastBit"
| #define PACKAGE_TARNAME "fastbit"
| #define PACKAGE_VERSION "2.0.3"
| #define PACKAGE_STRING "FastBit 2.0.3"
| #define PACKAGE_BUGREPORT "fastbit-users@hpcrdm.lbl.gov"
| #define PACKAGE_URL ""
| #define STDC_HEADERS 1
| #define HAVE_SYS_TYPES_H 1
| #define HAVE_SYS_STAT_H 1
| #define HAVE_STDLIB_H 1
| #define HAVE_STRING_H 1
| #define HAVE_MEMORY_H 1
| #define HAVE_STRINGS_H 1
| #define HAVE_INTTYPES_H 1
| #define HAVE_STDINT_H 1
| #define HAVE_UNISTD_H 1
| #define HAVE_DLFCN_H 1
| #define LT_OBJDIR ".libs/"
| #define HAVE_LIBM 1
| #define HAVE_LIBRT 1
| #define HAVE_DIRENT_H 1
| #define HAVE_INTTYPES_H 1
| #define HAVE_STDINT_H 1
| #define HAVE_SYS_TYPES_H 1
| #define HAVE_VPRINTF 1
| #define HAVE_GETTIMEOFDAY 1
| #define HAVE_MKDIR 1
| #define HAVE_FLOCK 1
| #define HAVE_STRPTIME 1
| #define HAVE_UNORDERED_MAP 1
| #define HAVE_GETPWUID 1
| #define HAVE_GETPWUID_R 1
| #define FASTBIT_FLOAT_NULL std::numeric_limits<float>::quiet_NaN()
| #define FASTBIT_DOUBLE_NULL std::numeric_limits<double>::quiet_NaN()
| /* end confdefs.h.  */
| #include <pthread.h>
| int
| main ()
| {
| pthread_t th; pthread_join(th, 0);
|                  pthread_attr_init(0); pthread_cleanup_push(0, 0);
|                  pthread_create(0,0,0,0); pthread_cleanup_pop(0);
|   ;
|   return 0;
| }
configure:16409: result: no
configure:16321: checking whether pthreads work with -Kthread
configure:16400: gcc -o conftest -g -O2 -Kthread   conftest.c  -lrt -lm  >&5
gcc: error: unrecognized command line option '-Kthread'; did you mean '-pthread'?
configure:16400: $? = 1
configure: failed program was:
| /* confdefs.h */
| #define PACKAGE_NAME "FastBit"
| #define PACKAGE_TARNAME "fastbit"
| #define PACKAGE_VERSION "2.0.3"
| #define PACKAGE_STRING "FastBit 2.0.3"
| #define PACKAGE_BUGREPORT "fastbit-users@hpcrdm.lbl.gov"
| #define PACKAGE_URL ""
| #define STDC_HEADERS 1
| #define HAVE_SYS_TYPES_H 1
| #define HAVE_SYS_STAT_H 1
| #define HAVE_STDLIB_H 1
| #define HAVE_STRING_H 1
| #define HAVE_MEMORY_H 1
| #define HAVE_STRINGS_H 1
| #define HAVE_INTTYPES_H 1
| #define HAVE_STDINT_H 1
| #define HAVE_UNISTD_H 1
| #define HAVE_DLFCN_H 1
| #define LT_OBJDIR ".libs/"
| #define HAVE_LIBM 1
| #define HAVE_LIBRT 1
| #define HAVE_DIRENT_H 1
| #define HAVE_INTTYPES_H 1
| #define HAVE_STDINT_H 1
| #define HAVE_SYS_TYPES_H 1
| #define HAVE_VPRINTF 1
| #define HAVE_GETTIMEOFDAY 1
| #define HAVE_MKDIR 1
| #define HAVE_FLOCK 1
| #define HAVE_STRPTIME 1
| #define HAVE_UNORDERED_MAP 1
| #define HAVE_GETPWUID 1
| #define HAVE_GETPWUID_R 1
| #define FASTBIT_FLOAT_NULL std::numeric_limits<float>::quiet_NaN()
| #define FASTBIT_DOUBLE_NULL std::numeric_limits<double>::quiet_NaN()
| /* end confdefs.h.  */
| #include <pthread.h>
| int
| main ()
| {
| pthread_t th; pthread_join(th, 0);
|                  pthread_attr_init(0); pthread_cleanup_push(0, 0);
|                  pthread_create(0,0,0,0); pthread_cleanup_pop(0);
|   ;
|   return 0;
| }
configure:16409: result: no
configure:16321: checking whether pthreads work with -kthread
configure:16400: gcc -o conftest -g -O2 -kthread   conftest.c  -lrt -lm  >&5
gcc: error: unrecognized command line option '-kthread'; did you mean '-pthread'?
configure:16400: $? = 1
configure: failed program was:
| /* confdefs.h */
| #define PACKAGE_NAME "FastBit"
| #define PACKAGE_TARNAME "fastbit"
| #define PACKAGE_VERSION "2.0.3"
| #define PACKAGE_STRING "FastBit 2.0.3"
| #define PACKAGE_BUGREPORT "fastbit-users@hpcrdm.lbl.gov"
| #define PACKAGE_URL ""
| #define STDC_HEADERS 1
| #define HAVE_SYS_TYPES_H 1
| #define HAVE_SYS_STAT_H 1
| #define HAVE_STDLIB_H 1
| #define HAVE_STRING_H 1
| #define HAVE_MEMORY_H 1
| #define HAVE_STRINGS_H 1
| #define HAVE_INTTYPES_H 1
| #define HAVE_STDINT_H 1
| #define HAVE_UNISTD_H 1
| #define HAVE_DLFCN_H 1
| #define LT_OBJDIR ".libs/"
| #define HAVE_LIBM 1
| #define HAVE_LIBRT 1
| #define HAVE_DIRENT_H 1
| #define HAVE_INTTYPES_H 1
| #define HAVE_STDINT_H 1
| #define HAVE_SYS_TYPES_H 1
| #define HAVE_VPRINTF 1
| #define HAVE_GETTIMEOFDAY 1
| #define HAVE_MKDIR 1
| #define HAVE_FLOCK 1
| #define HAVE_STRPTIME 1
| #define HAVE_UNORDERED_MAP 1
| #define HAVE_GETPWUID 1
| #define HAVE_GETPWUID_R 1
| #define FASTBIT_FLOAT_NULL std::numeric_limits<float>::quiet_NaN()
| #define FASTBIT_DOUBLE_NULL std::numeric_limits<double>::quiet_NaN()
| /* end confdefs.h.  */
| #include <pthread.h>
| int
| main ()
| {
| pthread_t th; pthread_join(th, 0);
|                  pthread_attr_init(0); pthread_cleanup_push(0, 0);
|                  pthread_create(0,0,0,0); pthread_cleanup_pop(0);
|   ;
|   return 0;
| }
configure:16409: result: no
configure:16371: checking for the pthreads library -llthread
configure:16400: gcc -o conftest -g -O2    conftest.c -llthread -lrt -lm  >&5
/usr/bin/ld: cannot find -llthread
collect2: error: ld returned 1 exit status
configure:16400: $? = 1
configure: failed program was:
| /* confdefs.h */
| #define PACKAGE_NAME "FastBit"
| #define PACKAGE_TARNAME "fastbit"
| #define PACKAGE_VERSION "2.0.3"
| #define PACKAGE_STRING "FastBit 2.0.3"
| #define PACKAGE_BUGREPORT "fastbit-users@hpcrdm.lbl.gov"
| #define PACKAGE_URL ""
| #define STDC_HEADERS 1
| #define HAVE_SYS_TYPES_H 1
| #define HAVE_SYS_STAT_H 1
| #define HAVE_STDLIB_H 1
| #define HAVE_STRING_H 1
| #define HAVE_MEMORY_H 1
| #define HAVE_STRINGS_H 1
| #define HAVE_INTTYPES_H 1
| #define HAVE_STDINT_H 1
| #define HAVE_UNISTD_H 1
| #define HAVE_DLFCN_H 1
| #define LT_OBJDIR ".libs/"
| #define HAVE_LIBM 1
| #define HAVE_LIBRT 1
| #define HAVE_DIRENT_H 1
| #define HAVE_INTTYPES_H 1
| #define HAVE_STDINT_H 1
| #define HAVE_SYS_TYPES_H 1
| #define HAVE_VPRINTF 1
| #define HAVE_GETTIMEOFDAY 1
| #define HAVE_MKDIR 1
| #define HAVE_FLOCK 1
| #define HAVE_STRPTIME 1
| #define HAVE_UNORDERED_MAP 1
| #define HAVE_GETPWUID 1
| #define HAVE_GETPWUID_R 1
| #define FASTBIT_FLOAT_NULL std::numeric_limits<float>::quiet_NaN()
| #define FASTBIT_DOUBLE_NULL std::numeric_limits<double>::quiet_NaN()
| /* end confdefs.h.  */
| #include <pthread.h>
| int
| main ()
| {
| pthread_t th; pthread_join(th, 0);
|                  pthread_attr_init(0); pthread_cleanup_push(0, 0);
|                  pthread_create(0,0,0,0); pthread_cleanup_pop(0);
|   ;
|   return 0;
| }
configure:16409: result: no
configure:16321: checking whether pthreads work with -pthread
configure:16400: gcc -o conftest -g -O2 -pthread   conftest.c  -lrt -lm  >&5
configure:16400: $? = 0
configure:16409: result: yes
configure:16426: checking if more special flags are required for pthreads
configure:16433: result: no
configure:16461: checking if math.h defines nextafter
configure:16479: g++ -o conftest -g -O2   conftest.cpp  -lrt -lm  >&5
configure:16479: $? = 0
configure:16481: result: yes
configure:16507: g++ -o conftest -g -O2   conftest.cpp  -lrt -lm  >&5
configure:16507: $? = 0
configure:16517: checking for atomic template
configure:16541: g++ -c -g -O2  conftest.cpp >&5
configure:16541: $? = 0
configure:16542: result: yes
configure:16592: checking if compiler supports __sync_add_and_fetch for 32-bit integers
configure:16611: g++ -o conftest -g -O2   conftest.cpp  -lrt -lm  >&5
configure:16611: $? = 0
configure:16613: result: yes
configure:16662: checking if compiler supports __sync_add_and_fetch for 64-bit integers
configure:16681: g++ -o conftest -g -O2   conftest.cpp  -lrt -lm  >&5
configure:16681: $? = 0
configure:16683: result: yes
configure:16735: checking whether necessary to undefine __STRICT_ANSI__ for use of popen/pclose
configure:16738: g++ -g -O2 -pthread -DFASTBIT_RMDIR_USE_RM -DWITHOUT_FASTBIT_CONFIG_H -c src/util.cpp
configure:16741: $? = 0
configure:16743: result: no
configure:16766: checking if the default FlexLexer.h defines yywrap
configure:16769: g++ -g -O2 -pthread -DWITHOUT_FASTBIT_CONFIG_H -c src/whereLexer.cc
whereLexer.cc:1621:25: error: expected constructor, destructor, or type conversion before '(' token
whereLexer.cc: In member function 'int _wLexer::yyinput()':
whereLexer.cc:2007:15: warning: this statement may fall through [-Wimplicit-fallthrough=]
whereLexer.cc:2011:5: note: here
configure:16772: $? = 1
configure:16781: g++ -g -O2 -pthread -I /usr/include -DWITHOUT_FASTBIT_CONFIG_H -c src/whereLexer.cc
whereLexer.cc:1621:25: error: expected constructor, destructor, or type conversion before '(' token
whereLexer.cc: In member function 'int _wLexer::yyinput()':
whereLexer.cc:2007:15: warning: this statement may fall through [-Wimplicit-fallthrough=]
whereLexer.cc:2011:5: note: here
configure:16784: $? = 1
configure:16791: g++ -g -O2 -pthread -I /home/justin/warp/storage/warp/src/fastbit-2.0.3/win -DWITHOUT_FASTBIT_CONFIG_H -c src/whereLexer.cc
whereLexer.cc: In member function 'int _wLexer::yyinput()':
whereLexer.cc:2007:15: warning: this statement may fall through [-Wimplicit-fallthrough=]
whereLexer.cc:2011:5: note: here
configure:16794: $? = 0
configure:16796: result: no, use /home/justin/warp/storage/warp/src/fastbit-2.0.3/win/FlexLexer.h
configure:17320: checking whether to build java native interface
configure:17326: result: no
configure:17330: checking whether to configure Makefiles in contrib
configure:17339: result: no
configure:17484: checking that generated files are newer than configure
configure:17490: result: done
configure:17533: creating ./config.status

## ---------------------- ##
## Running config.status. ##
## ---------------------- ##

This file was extended by FastBit config.status 2.0.3, which was
generated by GNU Autoconf 2.69.  Invocation command line was

  CONFIG_FILES    = 
  CONFIG_HEADERS  = 
  CONFIG_LINKS    = 
  CONFIG_COMMANDS = 
  $ ./config.status 

on msi.localdomain

config.status:1193: creating Makefile
config.status:1193: creating src/Makefile
config.status:1193: creating examples/Makefile
config.status:1193: creating tests/Makefile
config.status:1193: creating java/Makefile
config.status:1193: creating contrib/Makefile
config.status:1193: creating contrib/fbmerge/Makefile
config.status:1193: creating tests/scripts/fastbit-config
config.status:1193: creating src/fastbit-config.h
config.status:1422: executing depfiles commands
config.status:1422: executing libtool commands
config.status:1422: executing FastBit-prefix commands

## ---------------- ##
## Cache variables. ##
## ---------------- ##

ac_cv_build=x86_64-unknown-linux-gnu
ac_cv_c_compiler_gnu=yes
ac_cv_cxx_compiler_gnu=yes
ac_cv_env_CCC_set=
ac_cv_env_CCC_value=
ac_cv_env_CC_set=
ac_cv_env_CC_value=
ac_cv_env_CFLAGS_set=
ac_cv_env_CFLAGS_value=
ac_cv_env_CPPFLAGS_set=
ac_cv_env_CPPFLAGS_value=
ac_cv_env_CPP_set=
ac_cv_env_CPP_value=
ac_cv_env_CXXCPP_set=
ac_cv_env_CXXCPP_value=
ac_cv_env_CXXFLAGS_set=
ac_cv_env_CXXFLAGS_value=
ac_cv_env_CXX_set=
ac_cv_env_CXX_value=
ac_cv_env_LDFLAGS_set=
ac_cv_env_LDFLAGS_value=
ac_cv_env_LIBS_set=
ac_cv_env_LIBS_value=
ac_cv_env_build_alias_set=
ac_cv_env_build_alias_value=
ac_cv_env_host_alias_set=
ac_cv_env_host_alias_value=
ac_cv_env_target_alias_set=
ac_cv_env_target_alias_value=
ac_cv_func__doprnt=no
ac_cv_func_flock=yes
ac_cv_func_gettimeofday=yes
ac_cv_func_mkdir=yes
ac_cv_func_strptime=yes
ac_cv_func_vprintf=yes
ac_cv_header_dirent_dirent_h=yes
ac_cv_header_dlfcn_h=yes
ac_cv_header_inttypes_h=yes
ac_cv_header_memory_h=yes
ac_cv_header_stdc=yes
ac_cv_header_stdint_h=yes
ac_cv_header_stdlib_h=yes
ac_cv_header_string_h=yes
ac_cv_header_strings_h=yes
ac_cv_header_sys_stat_h=yes
ac_cv_header_sys_types_h=yes
ac_cv_header_unistd_h=yes
ac_cv_host=x86_64-unknown-linux-gnu
ac_cv_lib_m_log10=yes
ac_cv_lib_rt_clock_gettime=yes
ac_cv_objext=o
ac_cv_path_EGREP='/usr/bin/grep -E'
ac_cv_path_FGREP='/usr/bin/grep -F'
ac_cv_path_GREP=/usr/bin/grep
ac_cv_path_SED=/usr/bin/sed
ac_cv_path_install='/usr/bin/install -c'
ac_cv_path_mkdir=/usr/bin/mkdir
ac_cv_prog_AWK=gawk
ac_cv_prog_CPP='gcc -E'
ac_cv_prog_CXXCPP='g++ -E'
ac_cv_prog_ac_ct_AR=ar
ac_cv_prog_ac_ct_CC=gcc
ac_cv_prog_ac_ct_CXX=g++
ac_cv_prog_ac_ct_OBJDUMP=objdump
ac_cv_prog_ac_ct_RANLIB=ranlib
ac_cv_prog_ac_ct_STRIP=strip
ac_cv_prog_cc_c89=
ac_cv_prog_cc_g=yes
ac_cv_prog_cxx_g=yes
ac_cv_prog_make_make_set=yes
ac_cv_search_opendir='none required'
am_cv_CC_dependencies_compiler_type=gcc3
am_cv_CXX_dependencies_compiler_type=gcc3
am_cv_make_support_nested_variables=yes
am_cv_prog_cc_c_o=yes
lt_cv_ar_at_file=@
lt_cv_archive_cmds_need_lc=no
lt_cv_deplibs_check_method=pass_all
lt_cv_file_magic_cmd='$MAGIC_CMD'
lt_cv_file_magic_test_file=
lt_cv_ld_reload_flag=-r
lt_cv_nm_interface='BSD nm'
lt_cv_objdir=.libs
lt_cv_path_LD=/usr/bin/ld
lt_cv_path_LDCXX='/usr/bin/ld -m elf_x86_64'
lt_cv_path_NM='/usr/bin/nm -B'
lt_cv_path_mainfest_tool=no
lt_cv_prog_compiler_c_o=yes
lt_cv_prog_compiler_c_o_CXX=yes
lt_cv_prog_compiler_pic='-fPIC -DPIC'
lt_cv_prog_compiler_pic_CXX='-fPIC -DPIC'
lt_cv_prog_compiler_pic_works=yes
lt_cv_prog_compiler_pic_works_CXX=yes
lt_cv_prog_compiler_rtti_exceptions=no
lt_cv_prog_compiler_static_works=no
lt_cv_prog_compiler_static_works_CXX=no
lt_cv_prog_gnu_ld=yes
lt_cv_prog_gnu_ldcxx=yes
lt_cv_sharedlib_from_linklib_cmd='printf %s\n'
lt_cv_shlibpath_overrides_runpath=no
lt_cv_sys_global_symbol_pipe='sed -n -e '\''s/^.*[	 ]\([ABCDGIRSTW][ABCDGIRSTW]*\)[	 ][	 ]*\([_A-Za-z][_A-Za-z0-9]*\)$/\1 \2 \2/p'\'' | sed '\''/ __gnu_lto/d'\'''
lt_cv_sys_global_symbol_to_c_name_address='sed -n -e '\''s/^: \([^ ]*\)[ ]*$/  {\"\1\", (void *) 0},/p'\'' -e '\''s/^[ABCDGIRSTW]* \([^ ]*\) \([^ ]*\)$/  {"\2", (void *) \&\2},/p'\'''
lt_cv_sys_global_symbol_to_c_name_address_lib_prefix='sed -n -e '\''s/^: \([^ ]*\)[ ]*$/  {\"\1\", (void *) 0},/p'\'' -e '\''s/^[ABCDGIRSTW]* \([^ ]*\) \(lib[^ ]*\)$/  {"\2", (void *) \&\2},/p'\'' -e '\''s/^[ABCDGIRSTW]* \([^ ]*\) \([^ ]*\)$/  {"lib\2", (void *) \&\2},/p'\'''
lt_cv_sys_global_symbol_to_cdecl='sed -n -e '\''s/^T .* \(.*\)$/extern int \1();/p'\'' -e '\''s/^[ABCDGIRSTW]* .* \(.*\)$/extern char \1;/p'\'''
lt_cv_sys_max_cmd_len=1572864
lt_cv_to_host_file_cmd=func_convert_file_noop
lt_cv_to_tool_file_cmd=func_convert_file_noop

## ----------------- ##
## Output variables. ##
## ----------------- ##

ACLOCAL='${SHELL} /home/justin/warp/storage/warp/src/fastbit-2.0.3/missing aclocal-1.15'
AMDEPBACKSLASH='\'
AMDEP_FALSE='#'
AMDEP_TRUE=''
AMTAR='$${TAR-tar}'
AM_BACKSLASH='\'
AM_CPPFLAGS=' -I /home/justin/warp/storage/warp/src/fastbit-2.0.3/win'
AM_DEFAULT_V='$(AM_DEFAULT_VERBOSITY)'
AM_DEFAULT_VERBOSITY='1'
AM_V='$(V)'
AR='ar'
AUTOCONF='${SHELL} /home/justin/warp/storage/warp/src/fastbit-2.0.3/missing autoconf'
AUTOHEADER='${SHELL} /home/justin/warp/storage/warp/src/fastbit-2.0.3/missing autoheader'
AUTOMAKE='${SHELL} /home/justin/warp/storage/warp/src/fastbit-2.0.3/missing automake-1.15'
AWK='gawk'
BUILD_CONTRIB=''
BUILD_CONTRIB_FALSE=''
BUILD_CONTRIB_TRUE='#'
BUILD_JAVA_INTERFACE=''
BUILD_JAVA_INTERFACE_FALSE=''
BUILD_JAVA_INTERFACE_TRUE='#'
BUILD_JAVA_TEST_FALSE='#'
BUILD_JAVA_TEST_TRUE=''
CC='gcc'
CCDEPMODE='depmode=gcc3'
CFLAGS='-g -O2 -pthread'
CPP='gcc -E'
CPPFLAGS=''
CXX='g++'
CXXCPP='g++ -E'
CXXDEPMODE='depmode=gcc3'
CXXFLAGS='-g -O2 -pthread'
CYGPATH_W='echo'
DEFS='-DHAVE_CONFIG_H'
DEPDIR='.deps'
DLLTOOL='false'
DSYMUTIL=''
DUMPBIN=''
ECHO_C=''
ECHO_N='-n'
ECHO_T=''
EGREP='/usr/bin/grep -E'
EXEEXT=''
EXTRA_CXXFLAGS=''
FGREP='/usr/bin/grep -F'
GREP='/usr/bin/grep'
INSTALL_DATA='${INSTALL} -m 644'
INSTALL_PROGRAM='${INSTALL}'
INSTALL_SCRIPT='${INSTALL}'
INSTALL_STRIP_PROGRAM='$(install_sh) -c -s'
JAVA=''
JAVAC=''
LD='/usr/bin/ld -m elf_x86_64'
LDFLAGS=''
LIBOBJS=''
LIBS=' -lrt -lm '
LIBTOOL='$(SHELL) $(top_builddir)/libtool'
LIB_VERSION_INFO='1:0:0'
LIPO=''
LN_S='ln -s'
LTLIBOBJS=''
MAINT='#'
MAINTAINER_MODE_FALSE=''
MAINTAINER_MODE_TRUE='#'
MAKEINFO='${SHELL} /home/justin/warp/storage/warp/src/fastbit-2.0.3/missing makeinfo'
MANIFEST_TOOL=':'
MKDIR_P='/usr/bin/mkdir -p'
NM='/usr/bin/nm -B'
NMEDIT=''
OBJDIR='.libs'
OBJDUMP='objdump'
OBJEXT='o'
OTOOL64=''
OTOOL=''
PACKAGE='fastbit'
PACKAGE_BUGREPORT='fastbit-users@hpcrdm.lbl.gov'
PACKAGE_NAME='FastBit'
PACKAGE_STRING='FastBit 2.0.3'
PACKAGE_TARNAME='fastbit'
PACKAGE_URL=''
PACKAGE_VERSION='2.0.3'
PATH_SEPARATOR=':'
PTHREAD_CFLAGS='-pthread'
PTHREAD_LIBS=''
RANLIB='ranlib'
SED='/usr/bin/sed'
SET_MAKE=''
SHELL='/bin/sh'
STRIP='strip'
VERSION='2.0.3'
ac_ct_AR='ar'
ac_ct_CC='gcc'
ac_ct_CXX='g++'
ac_ct_DUMPBIN=''
am__EXEEXT_FALSE=''
am__EXEEXT_TRUE='#'
am__fastdepCC_FALSE='#'
am__fastdepCC_TRUE=''
am__fastdepCXX_FALSE='#'
am__fastdepCXX_TRUE=''
am__include='include'
am__isrc=''
am__leading_dot='.'
am__nodep='_no'
am__quote=''
am__tar='$${TAR-tar} chof - "$$tardir"'
am__untar='$${TAR-tar} xf -'
bindir='${exec_prefix}/bin'
build='x86_64-unknown-linux-gnu'
build_alias=''
build_cpu='x86_64'
build_os='linux-gnu'
build_vendor='unknown'
datadir='${datarootdir}'
datarootdir='${prefix}/share'
docdir='${datarootdir}/doc/${PACKAGE_TARNAME}'
dvidir='${docdir}'
exec_prefix='${prefix}'
host='x86_64-unknown-linux-gnu'
host_alias=''
host_cpu='x86_64'
host_os='linux-gnu'
host_vendor='unknown'
htmldir='${docdir}'
includedir='${prefix}/include'
infodir='${datarootdir}/info'
install_sh='${SHELL} /home/justin/warp/storage/warp/src/fastbit-2.0.3/install-sh'
libdir='${exec_prefix}/lib'
libexecdir='${exec_prefix}/libexec'
localedir='${datarootdir}/locale'
localstatedir='${prefix}/var'
mandir='${datarootdir}/man'
mkdir_p='$(MKDIR_P)'
oldincludedir='/usr/include'
pdfdir='${docdir}'
prefix='/home/justin/warp/storage/warp'
program_transform_name='s,x,x,'
psdir='${docdir}'
sbindir='${exec_prefix}/sbin'
sharedstatedir='${prefix}/com'
sysconfdir='${prefix}/etc'
target_alias=''
uudecode=''
z_check_pthread_config=''

## ----------- ##
## confdefs.h. ##
## ----------- ##

/* confdefs.h */
#define PACKAGE_NAME "FastBit"
#define PACKAGE_TARNAME "fastbit"
#define PACKAGE_VERSION "2.0.3"
#define PACKAGE_STRING "FastBit 2.0.3"
#define PACKAGE_BUGREPORT "fastbit-users@hpcrdm.lbl.gov"
#define PACKAGE_URL ""
#define STDC_HEADERS 1
#define HAVE_SYS_TYPES_H 1
#define HAVE_SYS_STAT_H 1
#define HAVE_STDLIB_H 1
#define HAVE_STRING_H 1
#define HAVE_MEMORY_H 1
#define HAVE_STRINGS_H 1
#define HAVE_INTTYPES_H 1
#define HAVE_STDINT_H 1
#define HAVE_UNISTD_H 1
#define HAVE_DLFCN_H 1
#define LT_OBJDIR ".libs/"
#define HAVE_LIBM 1
#define HAVE_LIBRT 1
#define HAVE_DIRENT_H 1
#define HAVE_INTTYPES_H 1
#define HAVE_STDINT_H 1
#define HAVE_SYS_TYPES_H 1
#define HAVE_VPRINTF 1
#define HAVE_GETTIMEOFDAY 1
#define HAVE_MKDIR 1
#define HAVE_FLOCK 1
#define HAVE_STRPTIME 1
#define HAVE_UNORDERED_MAP 1
#define HAVE_GETPWUID 1
#define HAVE_GETPWUID_R 1
#define FASTBIT_FLOAT_NULL std::numeric_limits<float>::quiet_NaN()
#define FASTBIT_DOUBLE_NULL std::numeric_limits<double>::quiet_NaN()
#define HAVE_PTHREAD 1
#define HAVE_NEXTAFTER 1
#define HAVE_STRTOLL 1
#define HAVE_ATOMIC_TEMPLATE 1
#define HAVE_GCC_ATOMIC32 1
#define HAVE_GCC_ATOMIC64 1
#define FASTBIT_IBIS_INT_VERSION 0x0000300

configure: exit 0
